<?xml version="1.0" encoding="UTF-8"?>
<!-- Generated by org.testng.reporters.JUnitReportReporter -->
<testsuite hostname="DESKTOP-M6E7C1E" failures="0" tests="1" name="basicweb.testng1" time="0.018" errors="0" timestamp="2022-10-13T12:57:26 IST" skipped="0">
  <testcase classname="basicweb.testng1" name="googleTitleTest" time="0.018"/>
  <system-out/>
</testsuite> <!-- basicweb.testng1 -->
