<?xml version="1.0" encoding="UTF-8"?>
<!-- Generated by org.testng.reporters.JUnitReportReporter -->
<testsuite hostname="DESKTOP-M6E7C1E" failures="0" tests="3" name="basicweb.NewTest" time="0.052" errors="0" timestamp="2022-07-14T18:55:18 IST" skipped="0">
  <testcase classname="basicweb.NewTest" name="f" time="0.024"/>
  <system-out/>
  <testcase classname="basicweb.NewTest" name="t" time="0.015"/>
  <system-out/>
  <testcase classname="basicweb.NewTest" name="C" time="0.013"/>
  <system-out/>
</testsuite> <!-- basicweb.NewTest -->
