<?xml version="1.0" encoding="UTF-8"?>
<!-- Generated by org.testng.reporters.JUnitReportReporter -->
<testsuite hostname="DESKTOP-M6E7C1E" failures="0" tests="1" name="basicweb.NewTest1" time="0.023" errors="0" timestamp="2022-09-12T13:34:51 IST" skipped="0">
  <testcase classname="basicweb.NewTest1" name="f" time="0.023"/>
  <system-out/>
</testsuite> <!-- basicweb.NewTest1 -->
